# JRE version: OpenJDK Runtime Environment Temurin-17.0.16+8 (17.0.16+8) (build 17.0.16+8)
# Java VM: OpenJDK 64-Bit Server VM Temurin-17.0.16+8 (17.0.16+8, mixed mode, sharing, tiered, compressed oops, compressed class ptrs, g1 gc, windows-amd64)
GC Precious Log:
 CPUs: 4 total, 4 available
 Memory: 7591M
 Large Page Support: Disabled
 NUMA Support: Disabled
 Compressed Oops: Enabled (32-bit)
 Heap Region Size: 1M
 Heap Min Capacity: 8M
 Heap Initial Capacity: 120M
 Heap Max Capacity: 1898M
 Pre-touch: Disabled
 Parallel Workers: 4
 Concurrent Workers: 1
 Concurrent Refinement Workers: 4
 Periodic GC: Disabled
Heap:
 garbage-first heap   total 192512K, used 145155K [0x0000000089600000, 0x0000000100000000)
  region size 1024K, 64 young (65536K), 11 survivors (11264K)
 Metaspace       used 40951K, committed 41408K, reserved 1114112K
  class space    used 4672K, committed 4864K, reserved 1048576K
GC Heap History (20 events):
Event: 7.543 GC heap before
{Heap before GC invocations=11 (full 0):
 garbage-first heap   total 89088K, used 64341K [0x0000000089600000, 0x0000000100000000)
  region size 1024K, 22 young (22528K), 4 survivors (4096K)
 Metaspace       used 26439K, committed 26816K, reserved 1114112K
  class space    used 3048K, committed 3200K, reserved 1048576K
}
Event: 7.558 GC heap after
{Heap after GC invocations=12 (full 0):
 garbage-first heap   total 89088K, used 49493K [0x0000000089600000, 0x0000000100000000)
  region size 1024K, 3 young (3072K), 3 survivors (3072K)
 Metaspace       used 26439K, committed 26816K, reserved 1114112K
  class space    used 3048K, committed 3200K, reserved 1048576K
}
Event: 7.983 GC heap before
{Heap before GC invocations=13 (full 0):
 garbage-first heap   total 89088K, used 66901K [0x0000000089600000, 0x0000000100000000)
  region size 1024K, 20 young (20480K), 3 survivors (3072K)
 Metaspace       used 27394K, committed 27648K, reserved 1114112K
  class space    used 3135K, committed 3264K, reserved 1048576K
}
Event: 7.999 GC heap after
{Heap after GC invocations=14 (full 0):
 garbage-first heap   total 89088K, used 52502K [0x0000000089600000, 0x0000000100000000)
  region size 1024K, 3 young (3072K), 3 survivors (3072K)
 Metaspace       used 27394K, committed 27648K, reserved 1114112K
  class space    used 3135K, committed 3264K, reserved 1048576K
}
Event: 8.020 GC heap before
{Heap before GC invocations=14 (full 0):
 garbage-first heap   total 89088K, used 52502K [0x0000000089600000, 0x0000000100000000)
  region size 1024K, 4 young (4096K), 3 survivors (3072K)
 Metaspace       used 27507K, committed 27840K, reserved 1114112K
  class space    used 3148K, committed 3328K, reserved 1048576K
}
Event: 8.029 GC heap after
{Heap after GC invocations=15 (full 0):
 garbage-first heap   total 89088K, used 53145K [0x0000000089600000, 0x0000000100000000)
  region size 1024K, 1 young (1024K), 1 survivors (1024K)
 Metaspace       used 27507K, committed 27840K, reserved 1114112K
  class space    used 3148K, committed 3328K, reserved 1048576K
}
Event: 8.497 GC heap before
{Heap before GC invocations=15 (full 0):
 garbage-first heap   total 89088K, used 67481K [0x0000000089600000, 0x0000000100000000)
  region size 1024K, 16 young (16384K), 1 survivors (1024K)
 Metaspace       used 30303K, committed 30656K, reserved 1114112K
  class space    used 3552K, committed 3712K, reserved 1048576K
}
Event: 8.506 GC heap after
{Heap after GC invocations=16 (full 0):
 garbage-first heap   total 89088K, used 55241K [0x0000000089600000, 0x0000000100000000)
  region size 1024K, 2 young (2048K), 2 survivors (2048K)
 Metaspace       used 30303K, committed 30656K, reserved 1114112K
  class space    used 3552K, committed 3712K, reserved 1048576K
}
Event: 9.092 GC heap before
{Heap before GC invocations=17 (full 0):
 garbage-first heap   total 96256K, used 69577K [0x0000000089600000, 0x0000000100000000)
  region size 1024K, 17 young (17408K), 2 survivors (2048K)
 Metaspace       used 32189K, committed 32512K, reserved 1114112K
  class space    used 3747K, committed 3904K, reserved 1048576K
}
Event: 9.102 GC heap after
{Heap after GC invocations=18 (full 0):
 garbage-first heap   total 96256K, used 57008K [0x0000000089600000, 0x0000000100000000)
  region size 1024K, 2 young (2048K), 2 survivors (2048K)
 Metaspace       used 32189K, committed 32512K, reserved 1114112K
  class space    used 3747K, committed 3904K, reserved 1048576K
}
Event: 9.127 GC heap before
{Heap before GC invocations=18 (full 0):
 garbage-first heap   total 96256K, used 58032K [0x0000000089600000, 0x0000000100000000)
  region size 1024K, 4 young (4096K), 2 survivors (2048K)
 Metaspace       used 32222K, committed 32576K, reserved 1114112K
  class space    used 3761K, committed 3968K, reserved 1048576K
}
Event: 9.131 GC heap after
{Heap after GC invocations=19 (full 0):
 garbage-first heap   total 192512K, used 56959K [0x0000000089600000, 0x0000000100000000)
  region size 1024K, 1 young (1024K), 1 survivors (1024K)
 Metaspace       used 32222K, committed 32576K, reserved 1114112K
  class space    used 3761K, committed 3968K, reserved 1048576K
}
Event: 10.351 GC heap before
{Heap before GC invocations=19 (full 0):
 garbage-first heap   total 192512K, used 130687K [0x0000000089600000, 0x0000000100000000)
  region size 1024K, 74 young (75776K), 1 survivors (1024K)
 Metaspace       used 34116K, committed 34496K, reserved 1114112K
  class space    used 3948K, committed 4160K, reserved 1048576K
}
Event: 10.358 GC heap after
{Heap after GC invocations=20 (full 0):
 garbage-first heap   total 192512K, used 59591K [0x0000000089600000, 0x0000000100000000)
  region size 1024K, 3 young (3072K), 3 survivors (3072K)
 Metaspace       used 34116K, committed 34496K, reserved 1114112K
  class space    used 3948K, committed 4160K, reserved 1048576K
}
Event: 11.023 GC heap before
{Heap before GC invocations=20 (full 0):
 garbage-first heap   total 192512K, used 140487K [0x0000000089600000, 0x0000000100000000)
  region size 1024K, 82 young (83968K), 3 survivors (3072K)
 Metaspace       used 34354K, committed 34752K, reserved 1114112K
  class space    used 3951K, committed 4160K, reserved 1048576K
}
Event: 11.032 GC heap after
{Heap after GC invocations=21 (full 0):
 garbage-first heap   total 192512K, used 60590K [0x0000000089600000, 0x0000000100000000)
  region size 1024K, 4 young (4096K), 4 survivors (4096K)
 Metaspace       used 34354K, committed 34752K, reserved 1114112K
  class space    used 3951K, committed 4160K, reserved 1048576K
}
Event: 12.686 GC heap before
{Heap before GC invocations=21 (full 0):
 garbage-first heap   total 192512K, used 149678K [0x0000000089600000, 0x0000000100000000)
  region size 1024K, 86 young (88064K), 4 survivors (4096K)
 Metaspace       used 36493K, committed 36864K, reserved 1114112K
  class space    used 4170K, committed 4352K, reserved 1048576K
}
Event: 12.706 GC heap after
{Heap after GC invocations=22 (full 0):
 garbage-first heap   total 192512K, used 68596K [0x0000000089600000, 0x0000000100000000)
  region size 1024K, 10 young (10240K), 10 survivors (10240K)
 Metaspace       used 36493K, committed 36864K, reserved 1114112K
  class space    used 4170K, committed 4352K, reserved 1048576K
}
Event: 13.665 GC heap before
{Heap before GC invocations=22 (full 0):
 garbage-first heap   total 192512K, used 148468K [0x0000000089600000, 0x0000000100000000)
  region size 1024K, 86 young (88064K), 10 survivors (10240K)
 Metaspace       used 37099K, committed 37568K, reserved 1114112K
  class space    used 4244K, committed 4480K, reserved 1048576K
}
Event: 13.689 GC heap after
{Heap after GC invocations=23 (full 0):
 garbage-first heap   total 192512K, used 91907K [0x0000000089600000, 0x0000000100000000)
  region size 1024K, 11 young (11264K), 11 survivors (11264K)
 Metaspace       used 37099K, committed 37568K, reserved 1114112K
  class space    used 4244K, committed 4480K, reserved 1048576K
}

