# JRE version: OpenJDK Runtime Environment Temurin-17.0.16+8 (17.0.16+8) (build 17.0.16+8)
# Java VM: OpenJDK 64-Bit Server VM Temurin-17.0.16+8 (17.0.16+8, mixed mode, sharing, tiered, compressed oops, compressed class ptrs, g1 gc, windows-amd64)
GC Precious Log:
 CPUs: 4 total, 4 available
 Memory: 7591M
 Large Page Support: Disabled
 NUMA Support: Disabled
 Compressed Oops: Enabled (32-bit)
 Heap Region Size: 1M
 Heap Min Capacity: 8M
 Heap Initial Capacity: 120M
 Heap Max Capacity: 1898M
 Pre-touch: Disabled
 Parallel Workers: 4
 Concurrent Workers: 1
 Concurrent Refinement Workers: 4
 Periodic GC: Disabled
Heap:
 garbage-first heap   total 163840K, used 33900K [0x0000000089600000, 0x0000000100000000)
  region size 1024K, 4 young (4096K), 1 survivors (1024K)
 Metaspace       used 43661K, committed 44096K, reserved 1114112K
  class space    used 5891K, committed 6080K, reserved 1048576K
GC Heap History (20 events):
Event: 0.810 GC heap before
{Heap before GC invocations=1 (full 0):
 garbage-first heap   total 122880K, used 19449K [0x0000000089600000, 0x0000000100000000)
  region size 1024K, 10 young (10240K), 2 survivors (2048K)
 Metaspace       used 3321K, committed 3520K, reserved 1114112K
  class space    used 349K, committed 448K, reserved 1048576K
}
Event: 0.816 GC heap after
{Heap after GC invocations=2 (full 0):
 garbage-first heap   total 122880K, used 12785K [0x0000000089600000, 0x0000000100000000)
  region size 1024K, 2 young (2048K), 2 survivors (2048K)
 Metaspace       used 3321K, committed 3520K, reserved 1114112K
  class space    used 349K, committed 448K, reserved 1048576K
}
Event: 1.470 GC heap before
{Heap before GC invocations=2 (full 0):
 garbage-first heap   total 122880K, used 31217K [0x0000000089600000, 0x0000000100000000)
  region size 1024K, 20 young (20480K), 2 survivors (2048K)
 Metaspace       used 7988K, committed 8192K, reserved 1114112K
  class space    used 992K, committed 1088K, reserved 1048576K
}
Event: 1.475 GC heap after
{Heap after GC invocations=3 (full 0):
 garbage-first heap   total 122880K, used 14161K [0x0000000089600000, 0x0000000100000000)
  region size 1024K, 3 young (3072K), 3 survivors (3072K)
 Metaspace       used 7988K, committed 8192K, reserved 1114112K
  class space    used 992K, committed 1088K, reserved 1048576K
}
Event: 3.821 GC heap before
{Heap before GC invocations=3 (full 0):
 garbage-first heap   total 122880K, used 87889K [0x0000000089600000, 0x0000000100000000)
  region size 1024K, 72 young (73728K), 3 survivors (3072K)
 Metaspace       used 20908K, committed 21248K, reserved 1114112K
  class space    used 2833K, committed 3008K, reserved 1048576K
}
Event: 3.836 GC heap after
{Heap after GC invocations=4 (full 0):
 garbage-first heap   total 122880K, used 21011K [0x0000000089600000, 0x0000000100000000)
  region size 1024K, 9 young (9216K), 9 survivors (9216K)
 Metaspace       used 20908K, committed 21248K, reserved 1114112K
  class space    used 2833K, committed 3008K, reserved 1048576K
}
Event: 3.885 GC heap before
{Heap before GC invocations=4 (full 0):
 garbage-first heap   total 122880K, used 23059K [0x0000000089600000, 0x0000000100000000)
  region size 1024K, 12 young (12288K), 9 survivors (9216K)
 Metaspace       used 21159K, committed 21504K, reserved 1114112K
  class space    used 2870K, committed 3072K, reserved 1048576K
}
Event: 3.897 GC heap after
{Heap after GC invocations=5 (full 0):
 garbage-first heap   total 122880K, used 22412K [0x0000000089600000, 0x0000000100000000)
  region size 1024K, 2 young (2048K), 2 survivors (2048K)
 Metaspace       used 21159K, committed 21504K, reserved 1114112K
  class space    used 2870K, committed 3072K, reserved 1048576K
}
Event: 4.818 GC heap before
{Heap before GC invocations=6 (full 0):
 garbage-first heap   total 81920K, used 66444K [0x0000000089600000, 0x0000000100000000)
  region size 1024K, 47 young (48128K), 2 survivors (2048K)
 Metaspace       used 28357K, committed 28736K, reserved 1114112K
  class space    used 3741K, committed 3904K, reserved 1048576K
}
Event: 4.826 GC heap after
{Heap after GC invocations=7 (full 0):
 garbage-first heap   total 81920K, used 25109K [0x0000000089600000, 0x0000000100000000)
  region size 1024K, 4 young (4096K), 4 survivors (4096K)
 Metaspace       used 28357K, committed 28736K, reserved 1114112K
  class space    used 3741K, committed 3904K, reserved 1048576K
}
Event: 4.843 GC heap before
{Heap before GC invocations=7 (full 0):
 garbage-first heap   total 81920K, used 26133K [0x0000000089600000, 0x0000000100000000)
  region size 1024K, 5 young (5120K), 4 survivors (4096K)
 Metaspace       used 28376K, committed 28736K, reserved 1114112K
  class space    used 3743K, committed 3904K, reserved 1048576K
}
Event: 4.851 GC heap after
{Heap after GC invocations=8 (full 0):
 garbage-first heap   total 81920K, used 25701K [0x0000000089600000, 0x0000000100000000)
  region size 1024K, 1 young (1024K), 1 survivors (1024K)
 Metaspace       used 28376K, committed 28736K, reserved 1114112K
  class space    used 3743K, committed 3904K, reserved 1048576K
}
Event: 6.031 GC heap before
{Heap before GC invocations=8 (full 0):
 garbage-first heap   total 81920K, used 59493K [0x0000000089600000, 0x0000000100000000)
  region size 1024K, 34 young (34816K), 1 survivors (1024K)
 Metaspace       used 32093K, committed 32448K, reserved 1114112K
  class space    used 4257K, committed 4416K, reserved 1048576K
}
Event: 6.039 GC heap after
{Heap after GC invocations=9 (full 0):
 garbage-first heap   total 81920K, used 27444K [0x0000000089600000, 0x0000000100000000)
  region size 1024K, 3 young (3072K), 3 survivors (3072K)
 Metaspace       used 32093K, committed 32448K, reserved 1114112K
  class space    used 4257K, committed 4416K, reserved 1048576K
}
Event: 6.928 GC heap before
{Heap before GC invocations=9 (full 0):
 garbage-first heap   total 81920K, used 54068K [0x0000000089600000, 0x0000000100000000)
  region size 1024K, 30 young (30720K), 3 survivors (3072K)
 Metaspace       used 35570K, committed 35968K, reserved 1114112K
  class space    used 4774K, committed 4992K, reserved 1048576K
}
Event: 6.941 GC heap after
{Heap after GC invocations=10 (full 0):
 garbage-first heap   total 81920K, used 29713K [0x0000000089600000, 0x0000000100000000)
  region size 1024K, 5 young (5120K), 5 survivors (5120K)
 Metaspace       used 35570K, committed 35968K, reserved 1114112K
  class space    used 4774K, committed 4992K, reserved 1048576K
}
Event: 8.636 GC heap before
{Heap before GC invocations=11 (full 0):
 garbage-first heap   total 81920K, used 62481K [0x0000000089600000, 0x0000000100000000)
  region size 1024K, 37 young (37888K), 5 survivors (5120K)
 Metaspace       used 43123K, committed 43584K, reserved 1114112K
  class space    used 5787K, committed 6016K, reserved 1048576K
}
Event: 8.653 GC heap after
{Heap after GC invocations=12 (full 0):
 garbage-first heap   total 81920K, used 31971K [0x0000000089600000, 0x0000000100000000)
  region size 1024K, 5 young (5120K), 5 survivors (5120K)
 Metaspace       used 43123K, committed 43584K, reserved 1114112K
  class space    used 5787K, committed 6016K, reserved 1048576K
}
Event: 8.683 GC heap before
{Heap before GC invocations=12 (full 0):
 garbage-first heap   total 81920K, used 32995K [0x0000000089600000, 0x0000000100000000)
  region size 1024K, 7 young (7168K), 5 survivors (5120K)
 Metaspace       used 43268K, committed 43712K, reserved 1114112K
  class space    used 5813K, committed 6016K, reserved 1048576K
}
Event: 8.698 GC heap after
{Heap after GC invocations=13 (full 0):
 garbage-first heap   total 163840K, used 31852K [0x0000000089600000, 0x0000000100000000)
  region size 1024K, 1 young (1024K), 1 survivors (1024K)
 Metaspace       used 43268K, committed 43712K, reserved 1114112K
  class space    used 5813K, committed 6016K, reserved 1048576K
}

